<?xml version="1.0" encoding="UTF-8"?>
<testng-results skipped="0" failed="1" ignored="0" total="1" passed="0">
  <reporter-output>
  </reporter-output>
  <suite name="Default suite" duration-ms="5244" started-at="2022-03-15T23:38:33 IST" finished-at="2022-03-15T23:38:38 IST">
    <groups>
    </groups>
    <test name="Default test" duration-ms="5244" started-at="2022-03-15T23:38:33 IST" finished-at="2022-03-15T23:38:38 IST">
      <class name="com.eventReport.testScript.Testcase2">
        <test-method status="PASS" signature="configBS()[pri:0, instance:com.eventReport.testScript.Testcase2@1b26f7b2]" name="configBS" is-config="true" duration-ms="108" started-at="2022-03-15T23:38:33 IST" finished-at="2022-03-15T23:38:33 IST">
          <reporter-output>
          </reporter-output>
        </test-method> <!-- configBS -->
        <test-method status="PASS" signature="configBT()[pri:0, instance:com.eventReport.testScript.Testcase2@1b26f7b2]" name="configBT" is-config="true" duration-ms="0" started-at="2022-03-15T23:38:33 IST" finished-at="2022-03-15T23:38:33 IST">
          <reporter-output>
          </reporter-output>
        </test-method> <!-- configBT -->
        <test-method status="PASS" signature="configBC()[pri:0, instance:com.eventReport.testScript.Testcase2@1b26f7b2]" name="configBC" is-config="true" duration-ms="4584" started-at="2022-03-15T23:38:33 IST" finished-at="2022-03-15T23:38:37 IST">
          <reporter-output>
          </reporter-output>
        </test-method> <!-- configBC -->
        <test-method status="PASS" signature="setUp()[pri:0, instance:com.eventReport.testScript.Testcase2@1b26f7b2]" name="setUp" is-config="true" duration-ms="0" started-at="2022-03-15T23:38:37 IST" finished-at="2022-03-15T23:38:37 IST">
          <reporter-output>
          </reporter-output>
        </test-method> <!-- setUp -->
        <test-method status="FAIL" signature="testcase2()[pri:0, instance:com.eventReport.testScript.Testcase2@1b26f7b2]" name="testcase2" duration-ms="186" started-at="2022-03-15T23:38:37 IST" finished-at="2022-03-15T23:38:37 IST">
          <exception class="java.lang.AssertionError">
            <message>
              <![CDATA[expected [true] but found [false]]]>
            </message>
            <full-stacktrace>
              <![CDATA[java.lang.AssertionError: expected [true] but found [false]
at org.testng.Assert.fail(Assert.java:99)
at org.testng.Assert.failNotEquals(Assert.java:1037)
at org.testng.Assert.assertTrue(Assert.java:45)
at org.testng.Assert.assertTrue(Assert.java:55)
at com.eventReport.testScript.Testcase2.testcase2(Testcase2.java:18)
at sun.reflect.NativeMethodAccessorImpl.invoke0(Native Method)
at sun.reflect.NativeMethodAccessorImpl.invoke(NativeMethodAccessorImpl.java:62)
at sun.reflect.DelegatingMethodAccessorImpl.invoke(DelegatingMethodAccessorImpl.java:43)
at java.lang.reflect.Method.invoke(Method.java:498)
at org.testng.internal.MethodInvocationHelper.invokeMethod(MethodInvocationHelper.java:133)
at org.testng.internal.TestInvoker.invokeMethod(TestInvoker.java:598)
at org.testng.internal.TestInvoker.invokeTestMethod(TestInvoker.java:173)
at org.testng.internal.MethodRunner.runInSequence(MethodRunner.java:46)
at org.testng.internal.TestInvoker$MethodInvocationAgent.invoke(TestInvoker.java:824)
at org.testng.internal.TestInvoker.invokeTestMethods(TestInvoker.java:146)
at org.testng.internal.TestMethodWorker.invokeTestMethods(TestMethodWorker.java:146)
at org.testng.internal.TestMethodWorker.run(TestMethodWorker.java:128)
at java.util.ArrayList.forEach(ArrayList.java:1257)
at org.testng.TestRunner.privateRun(TestRunner.java:794)
at org.testng.TestRunner.run(TestRunner.java:596)
at org.testng.SuiteRunner.runTest(SuiteRunner.java:377)
at org.testng.SuiteRunner.runSequentially(SuiteRunner.java:371)
at org.testng.SuiteRunner.privateRun(SuiteRunner.java:332)
at org.testng.SuiteRunner.run(SuiteRunner.java:276)
at org.testng.SuiteRunnerWorker.runSuite(SuiteRunnerWorker.java:53)
at org.testng.SuiteRunnerWorker.run(SuiteRunnerWorker.java:96)
at org.testng.TestNG.runSuitesSequentially(TestNG.java:1212)
at org.testng.TestNG.runSuitesLocally(TestNG.java:1134)
at org.testng.TestNG.runSuites(TestNG.java:1063)
at org.testng.TestNG.run(TestNG.java:1031)
at org.testng.remote.AbstractRemoteTestNG.run(AbstractRemoteTestNG.java:115)
at org.testng.remote.RemoteTestNG.initAndRun(RemoteTestNG.java:251)
at org.testng.remote.RemoteTestNG.main(RemoteTestNG.java:77)
]]>
            </full-stacktrace>
          </exception> <!-- java.lang.AssertionError -->
          <reporter-output>
          </reporter-output>
        </test-method> <!-- testcase2 -->
        <test-method status="PASS" signature="tearDown(org.testng.ITestResult)[pri:0, instance:com.eventReport.testScript.Testcase2@1b26f7b2]" name="tearDown" is-config="true" duration-ms="441" started-at="2022-03-15T23:38:37 IST" finished-at="2022-03-15T23:38:38 IST">
          <params>
            <param index="0">
              <value>
                <![CDATA[[TestResult name=testcase2 status=FAILURE method=Testcase2.testcase2()[pri:0, instance:com.eventReport.testScript.Testcase2@1b26f7b2] output={null}]]]>
              </value>
            </param>
          </params>
          <reporter-output>
          </reporter-output>
        </test-method> <!-- tearDown -->
        <test-method status="PASS" signature="configAC()[pri:0, instance:com.eventReport.testScript.Testcase2@1b26f7b2]" name="configAC" is-config="true" duration-ms="0" started-at="2022-03-15T23:38:38 IST" finished-at="2022-03-15T23:38:38 IST">
          <reporter-output>
          </reporter-output>
        </test-method> <!-- configAC -->
        <test-method status="PASS" signature="configAT()[pri:0, instance:com.eventReport.testScript.Testcase2@1b26f7b2]" name="configAT" is-config="true" duration-ms="0" started-at="2022-03-15T23:38:38 IST" finished-at="2022-03-15T23:38:38 IST">
          <reporter-output>
          </reporter-output>
        </test-method> <!-- configAT -->
        <test-method status="PASS" signature="configAS()[pri:0, instance:com.eventReport.testScript.Testcase2@1b26f7b2]" name="configAS" is-config="true" duration-ms="282" started-at="2022-03-15T23:38:38 IST" finished-at="2022-03-15T23:38:38 IST">
          <reporter-output>
          </reporter-output>
        </test-method> <!-- configAS -->
      </class> <!-- com.eventReport.testScript.Testcase2 -->
    </test> <!-- Default test -->
  </suite> <!-- Default suite -->
</testng-results>
